Categorias almacenadas correctamente
Categoria 112 añadida a productos
Categoria 115 añadida a productos
Categoria 116 añadida a productos
Categoria 117 añadida a productos
Categoria 156 añadida a productos
Categoria 163 añadida a productos
Categoria 158 añadida a productos
Categoria 159 añadida a productos
Categoria 161 añadida a productos
Categoria 162 añadida a productos
Categoria 135 añadida a productos
Categoria 133 añadida a productos
Categoria 132 añadida a productos
Categoria 118 añadida a productos
Categoria 121 añadida a productos
Categoria 120 añadida a productos
Categoria 89 añadida a productos
Categoria 95 añadida a productos
Categoria 92 añadida a productos
Categoria 97 añadida a productos
Categoria 90 añadida a productos
Categoria 216 añadida a productos
Categoria 219 añadida a productos
Categoria 218 añadida a productos
Categoria 217 añadida a productos
Categoria 164 añadida a productos
Categoria 166 añadida a productos
Categoria 181 añadida a productos
Categoria 174 añadida a productos
Categoria 168 añadida a productos
Categoria 170 añadida a productos
Categoria 173 añadida a productos
Categoria 171 añadida a productos
Categoria 169 añadida a productos
Categoria 86 añadida a productos
Categoria 81 añadida a productos
Categoria 83 añadida a productos
Categoria 84 añadida a productos
Categoria 88 añadida a productos
Categoria 46 añadida a productos
Categoria 38 añadida a productos
Categoria 47 añadida a productos
Categoria 37 añadida a productos
Categoria 42 añadida a productos
Categoria 43 añadida a productos
Categoria 44 añadida a productos
Categoria 40 añadida a productos
Categoria 45 añadida a productos
Categoria 78 añadida a productos
Categoria 80 añadida a productos
Categoria 79 añadida a productos
Categoria 48 añadida a productos
Categoria 52 añadida a productos
Categoria 49 añadida a productos
Categoria 51 añadida a productos
Categoria 50 añadida a productos
Categoria 58 añadida a productos
Categoria 54 añadida a productos
Categoria 56 añadida a productos
Categoria 53 añadida a productos
Categoria 147 añadida a productos
Categoria 148 añadida a productos
Categoria 154 añadida a productos
Categoria 155 añadida a productos
Categoria 150 añadida a productos
Categoria 149 añadida a productos
Categoria 151 añadida a productos
Categoria 884 añadida a productos
Categoria 152 añadida a productos
Categoria 145 añadida a productos
Categoria 122 añadida a productos
Categoria 123 añadida a productos
Categoria 127 añadida a productos
Categoria 130 añadida a productos
Categoria 129 añadida a productos
Categoria 126 añadida a productos
Categoria 201 añadida a productos
Categoria 199 añadida a productos
Categoria 203 añadida a productos
Categoria 202 añadida a productos
Categoria 192 añadida a productos
Categoria 189 añadida a productos
Categoria 185 añadida a productos
Categoria 191 añadida a productos
Categoria 188 añadida a productos
Categoria 187 añadida a productos
Categoria 186 añadida a productos
Categoria 190 añadida a productos
Categoria 194 añadida a productos
Categoria 196 añadida a productos
Categoria 198 añadida a productos
Categoria 213 añadida a productos
Categoria 214 añadida a productos
Categoria 27 añadida a productos
Categoria 28 añadida a productos
Categoria 29 añadida a productos
Categoria 77 añadida a productos
Categoria 72 añadida a productos
Categoria 75 añadida a productos
Categoria 226 añadida a productos
Categoria 237 añadida a productos
Categoria 241 añadida a productos
Categoria 234 añadida a productos
Categoria 235 añadida a productos
Categoria 233 añadida a productos
Categoria 231 añadida a productos
Categoria 230 añadida a productos
Categoria 232 añadida a productos
Categoria 229 añadida a productos
Categoria 243 añadida a productos
Categoria 238 añadida a productos
Categoria 239 añadida a productos
Categoria 244 añadida a productos
Categoria 206 añadida a productos
Categoria 207 añadida a productos
Categoria 208 añadida a productos
Categoria 210 añadida a productos
Categoria 212 añadida a productos
Categoria 32 añadida a productos
Categoria 34 añadida a productos
Categoria 31 añadida a productos
Categoria 36 añadida a productos
Categoria 789 añadida a productos
Categoria 222 añadida a productos
Categoria 221 añadida a productos
Categoria 225 añadida a productos
Categoria 65 añadida a productos
Categoria 66 añadida a productos
Categoria 69 añadida a productos
Categoria 59 añadida a productos
Categoria 60 añadida a productos
Categoria 62 añadida a productos
Categoria 64 añadida a productos
Categoria 68 añadida a productos
Categoria 71 añadida a productos
Categoria 897 añadida a productos
Categoria 138 añadida a productos
Categoria 140 añadida a productos
Categoria 142 añadida a productos
Categoria 105 añadida a productos
Categoria 110 añadida a productos
Categoria 111 añadida a productos
Categoria 106 añadida a productos
Categoria 103 añadida a productos
Categoria 109 añadida a productos
Categoria 108 añadida a productos
Categoria 104 añadida a productos
Categoria 107 añadida a productos
Categoria 99 añadida a productos
Categoria 100 añadida a productos
Categoria 143 añadida a productos
Categoria 98 añadida a productos
Error en la solicitud GET: 200
Productos añadidos correctamente
Fichero de 02032025 almacenado
